<?xml version="1.0" encoding="UTF-8"?>
<testsuite xmlns:xsi="http://www.w3.org/2001/XMLSchema-instance" xsi:noNamespaceSchemaLocation="https://maven.apache.org/surefire/maven-surefire-plugin/xsd/surefire-test-report.xsd" version="3.0.2" name="TestSuite" time="33.993" tests="38" errors="0" skipped="0" failures="0">
  <properties>
    <property name="java.specification.version" value="21"/>
    <property name="sun.cpu.isalist" value="amd64"/>
    <property name="sun.jnu.encoding" value="Cp1252"/>
    <property name="java.class.path" value="C:\Users\hp\eclipse-workspace\FakeRestAPIBookStore\target\test-classes;C:\Users\hp\eclipse-workspace\FakeRestAPIBookStore\target\classes;C:\Users\hp\.m2\repository\io\rest-assured\rest-assured\5.5.5\rest-assured-5.5.5.jar;C:\Users\hp\.m2\repository\org\apache\groovy\groovy\4.0.22\groovy-4.0.22.jar;C:\Users\hp\.m2\repository\org\apache\groovy\groovy-xml\4.0.22\groovy-xml-4.0.22.jar;C:\Users\hp\.m2\repository\org\apache\httpcomponents\httpclient\4.5.13\httpclient-4.5.13.jar;C:\Users\hp\.m2\repository\org\apache\httpcomponents\httpcore\4.4.13\httpcore-4.4.13.jar;C:\Users\hp\.m2\repository\commons-logging\commons-logging\1.2\commons-logging-1.2.jar;C:\Users\hp\.m2\repository\org\apache\httpcomponents\httpmime\4.5.13\httpmime-4.5.13.jar;C:\Users\hp\.m2\repository\org\hamcrest\hamcrest\2.2\hamcrest-2.2.jar;C:\Users\hp\.m2\repository\org\ccil\cowan\tagsoup\tagsoup\1.2.1\tagsoup-1.2.1.jar;C:\Users\hp\.m2\repository\io\rest-assured\xml-path\5.5.5\xml-path-5.5.5.jar;C:\Users\hp\.m2\repository\io\rest-assured\json-path\5.5.5\json-path-5.5.5.jar;C:\Users\hp\.m2\repository\org\apache\groovy\groovy-json\4.0.22\groovy-json-4.0.22.jar;C:\Users\hp\.m2\repository\io\rest-assured\rest-assured-common\5.5.5\rest-assured-common-5.5.5.jar;C:\Users\hp\.m2\repository\org\json\json\20250517\json-20250517.jar;C:\Users\hp\.m2\repository\org\testng\testng\7.11.0\testng-7.11.0.jar;C:\Users\hp\.m2\repository\org\slf4j\slf4j-api\2.0.16\slf4j-api-2.0.16.jar;C:\Users\hp\.m2\repository\org\jcommander\jcommander\1.83\jcommander-1.83.jar;C:\Users\hp\.m2\repository\org\webjars\jquery\3.7.1\jquery-3.7.1.jar;C:\Users\hp\.m2\repository\com\github\scribejava\scribejava-apis\8.3.3\scribejava-apis-8.3.3.jar;C:\Users\hp\.m2\repository\com\github\scribejava\scribejava-core\8.3.3\scribejava-core-8.3.3.jar;C:\Users\hp\.m2\repository\com\github\scribejava\scribejava-java8\8.3.3\scribejava-java8-8.3.3.jar;C:\Users\hp\.m2\repository\com\fasterxml\jackson\core\jackson-databind\2.14.0\jackson-databind-2.14.0.jar;C:\Users\hp\.m2\repository\com\fasterxml\jackson\core\jackson-annotations\2.14.0\jackson-annotations-2.14.0.jar;C:\Users\hp\.m2\repository\com\fasterxml\jackson\core\jackson-core\2.14.0\jackson-core-2.14.0.jar;C:\Users\hp\.m2\repository\io\rest-assured\json-schema-validator\5.5.5\json-schema-validator-5.5.5.jar;C:\Users\hp\.m2\repository\com\github\java-json-tools\json-schema-validator\2.2.14\json-schema-validator-2.2.14.jar;C:\Users\hp\.m2\repository\com\github\java-json-tools\jackson-coreutils-equivalence\1.0\jackson-coreutils-equivalence-1.0.jar;C:\Users\hp\.m2\repository\com\github\java-json-tools\jackson-coreutils\2.0\jackson-coreutils-2.0.jar;C:\Users\hp\.m2\repository\com\github\java-json-tools\msg-simple\1.2\msg-simple-1.2.jar;C:\Users\hp\.m2\repository\com\github\java-json-tools\btf\1.3\btf-1.3.jar;C:\Users\hp\.m2\repository\com\github\java-json-tools\json-schema-core\1.2.14\json-schema-core-1.2.14.jar;C:\Users\hp\.m2\repository\com\github\java-json-tools\uri-template\0.10\uri-template-0.10.jar;C:\Users\hp\.m2\repository\org\mozilla\rhino\1.7.7.2\rhino-1.7.7.2.jar;C:\Users\hp\.m2\repository\com\sun\mail\mailapi\1.6.2\mailapi-1.6.2.jar;C:\Users\hp\.m2\repository\joda-time\joda-time\2.10.5\joda-time-2.10.5.jar;C:\Users\hp\.m2\repository\com\googlecode\libphonenumber\libphonenumber\8.11.1\libphonenumber-8.11.1.jar;C:\Users\hp\.m2\repository\com\google\code\findbugs\jsr305\3.0.2\jsr305-3.0.2.jar;C:\Users\hp\.m2\repository\net\sf\jopt-simple\jopt-simple\5.0.4\jopt-simple-5.0.4.jar;C:\Users\hp\.m2\repository\com\google\guava\guava\33.2.1-jre\guava-33.2.1-jre.jar;C:\Users\hp\.m2\repository\com\google\guava\failureaccess\1.0.2\failureaccess-1.0.2.jar;C:\Users\hp\.m2\repository\com\google\guava\listenablefuture\9999.0-empty-to-avoid-conflict-with-guava\listenablefuture-9999.0-empty-to-avoid-conflict-with-guava.jar;C:\Users\hp\.m2\repository\org\checkerframework\checker-qual\3.42.0\checker-qual-3.42.0.jar;C:\Users\hp\.m2\repository\com\google\errorprone\error_prone_annotations\2.26.1\error_prone_annotations-2.26.1.jar;C:\Users\hp\.m2\repository\com\google\j2objc\j2objc-annotations\3.0.0\j2objc-annotations-3.0.0.jar;C:\Users\hp\.m2\repository\com\github\javafaker\javafaker\1.0.2\javafaker-1.0.2.jar;C:\Users\hp\.m2\repository\org\apache\commons\commons-lang3\3.5\commons-lang3-3.5.jar;C:\Users\hp\.m2\repository\org\yaml\snakeyaml\1.23\snakeyaml-1.23-android.jar;C:\Users\hp\.m2\repository\com\github\mifmif\generex\1.0.2\generex-1.0.2.jar;C:\Users\hp\.m2\repository\dk\brics\automaton\automaton\1.11-8\automaton-1.11-8.jar;C:\Users\hp\.m2\repository\com\aventstack\extentreports\5.1.2\extentreports-5.1.2.jar;C:\Users\hp\.m2\repository\io\reactivex\rxjava3\rxjava\3.1.6\rxjava-3.1.6.jar;C:\Users\hp\.m2\repository\org\reactivestreams\reactive-streams\1.0.4\reactive-streams-1.0.4.jar;C:\Users\hp\.m2\repository\org\freemarker\freemarker\2.3.32\freemarker-2.3.32.jar;C:\Users\hp\.m2\repository\org\projectlombok\lombok\1.18.26\lombok-1.18.26.jar;C:\Users\hp\.m2\repository\com\google\code\gson\gson\2.10.1\gson-2.10.1.jar;C:\Users\hp\.m2\repository\org\apache\poi\poi\5.4.1\poi-5.4.1.jar;C:\Users\hp\.m2\repository\commons-codec\commons-codec\1.18.0\commons-codec-1.18.0.jar;C:\Users\hp\.m2\repository\org\apache\commons\commons-collections4\4.4\commons-collections4-4.4.jar;C:\Users\hp\.m2\repository\org\apache\commons\commons-math3\3.6.1\commons-math3-3.6.1.jar;C:\Users\hp\.m2\repository\commons-io\commons-io\2.18.0\commons-io-2.18.0.jar;C:\Users\hp\.m2\repository\com\zaxxer\SparseBitSet\1.3\SparseBitSet-1.3.jar;C:\Users\hp\.m2\repository\org\apache\poi\poi-ooxml\5.4.1\poi-ooxml-5.4.1.jar;C:\Users\hp\.m2\repository\org\apache\poi\poi-ooxml-lite\5.4.1\poi-ooxml-lite-5.4.1.jar;C:\Users\hp\.m2\repository\org\apache\xmlbeans\xmlbeans\5.3.0\xmlbeans-5.3.0.jar;C:\Users\hp\.m2\repository\org\apache\commons\commons-compress\1.27.1\commons-compress-1.27.1.jar;C:\Users\hp\.m2\repository\com\github\virtuald\curvesapi\1.08\curvesapi-1.08.jar;C:\Users\hp\.m2\repository\org\apache\logging\log4j\log4j-api\2.17.2\log4j-api-2.17.2.jar;C:\Users\hp\.m2\repository\org\apache\logging\log4j\log4j-core\2.17.2\log4j-core-2.17.2.jar;"/>
    <property name="java.vm.vendor" value="Oracle Corporation"/>
    <property name="sun.arch.data.model" value="64"/>
    <property name="user.variant" value=""/>
    <property name="java.vendor.url" value="https://java.oracle.com/"/>
    <property name="user.timezone" value="Asia/Calcutta"/>
    <property name="os.name" value="Windows 10"/>
    <property name="java.vm.specification.version" value="21"/>
    <property name="sun.java.launcher" value="SUN_STANDARD"/>
    <property name="user.country" value="IN"/>
    <property name="sun.boot.library.path" value="C:\Program Files\Java\jdk-21\bin"/>
    <property name="sun.java.command" value="C:\Users\hp\AppData\Local\Temp\surefire16524074822096538309\surefirebooter-20250806100645770_3.jar C:\Users\hp\AppData\Local\Temp\surefire16524074822096538309 2025-08-06T10-06-45_361-jvmRun1 surefire-20250806100645770_1tmp surefire_0-20250806100645770_2tmp"/>
    <property name="jdk.debug" value="release"/>
    <property name="surefire.test.class.path" value="C:\Users\hp\eclipse-workspace\FakeRestAPIBookStore\target\test-classes;C:\Users\hp\eclipse-workspace\FakeRestAPIBookStore\target\classes;C:\Users\hp\.m2\repository\io\rest-assured\rest-assured\5.5.5\rest-assured-5.5.5.jar;C:\Users\hp\.m2\repository\org\apache\groovy\groovy\4.0.22\groovy-4.0.22.jar;C:\Users\hp\.m2\repository\org\apache\groovy\groovy-xml\4.0.22\groovy-xml-4.0.22.jar;C:\Users\hp\.m2\repository\org\apache\httpcomponents\httpclient\4.5.13\httpclient-4.5.13.jar;C:\Users\hp\.m2\repository\org\apache\httpcomponents\httpcore\4.4.13\httpcore-4.4.13.jar;C:\Users\hp\.m2\repository\commons-logging\commons-logging\1.2\commons-logging-1.2.jar;C:\Users\hp\.m2\repository\org\apache\httpcomponents\httpmime\4.5.13\httpmime-4.5.13.jar;C:\Users\hp\.m2\repository\org\hamcrest\hamcrest\2.2\hamcrest-2.2.jar;C:\Users\hp\.m2\repository\org\ccil\cowan\tagsoup\tagsoup\1.2.1\tagsoup-1.2.1.jar;C:\Users\hp\.m2\repository\io\rest-assured\xml-path\5.5.5\xml-path-5.5.5.jar;C:\Users\hp\.m2\repository\io\rest-assured\json-path\5.5.5\json-path-5.5.5.jar;C:\Users\hp\.m2\repository\org\apache\groovy\groovy-json\4.0.22\groovy-json-4.0.22.jar;C:\Users\hp\.m2\repository\io\rest-assured\rest-assured-common\5.5.5\rest-assured-common-5.5.5.jar;C:\Users\hp\.m2\repository\org\json\json\20250517\json-20250517.jar;C:\Users\hp\.m2\repository\org\testng\testng\7.11.0\testng-7.11.0.jar;C:\Users\hp\.m2\repository\org\slf4j\slf4j-api\2.0.16\slf4j-api-2.0.16.jar;C:\Users\hp\.m2\repository\org\jcommander\jcommander\1.83\jcommander-1.83.jar;C:\Users\hp\.m2\repository\org\webjars\jquery\3.7.1\jquery-3.7.1.jar;C:\Users\hp\.m2\repository\com\github\scribejava\scribejava-apis\8.3.3\scribejava-apis-8.3.3.jar;C:\Users\hp\.m2\repository\com\github\scribejava\scribejava-core\8.3.3\scribejava-core-8.3.3.jar;C:\Users\hp\.m2\repository\com\github\scribejava\scribejava-java8\8.3.3\scribejava-java8-8.3.3.jar;C:\Users\hp\.m2\repository\com\fasterxml\jackson\core\jackson-databind\2.14.0\jackson-databind-2.14.0.jar;C:\Users\hp\.m2\repository\com\fasterxml\jackson\core\jackson-annotations\2.14.0\jackson-annotations-2.14.0.jar;C:\Users\hp\.m2\repository\com\fasterxml\jackson\core\jackson-core\2.14.0\jackson-core-2.14.0.jar;C:\Users\hp\.m2\repository\io\rest-assured\json-schema-validator\5.5.5\json-schema-validator-5.5.5.jar;C:\Users\hp\.m2\repository\com\github\java-json-tools\json-schema-validator\2.2.14\json-schema-validator-2.2.14.jar;C:\Users\hp\.m2\repository\com\github\java-json-tools\jackson-coreutils-equivalence\1.0\jackson-coreutils-equivalence-1.0.jar;C:\Users\hp\.m2\repository\com\github\java-json-tools\jackson-coreutils\2.0\jackson-coreutils-2.0.jar;C:\Users\hp\.m2\repository\com\github\java-json-tools\msg-simple\1.2\msg-simple-1.2.jar;C:\Users\hp\.m2\repository\com\github\java-json-tools\btf\1.3\btf-1.3.jar;C:\Users\hp\.m2\repository\com\github\java-json-tools\json-schema-core\1.2.14\json-schema-core-1.2.14.jar;C:\Users\hp\.m2\repository\com\github\java-json-tools\uri-template\0.10\uri-template-0.10.jar;C:\Users\hp\.m2\repository\org\mozilla\rhino\1.7.7.2\rhino-1.7.7.2.jar;C:\Users\hp\.m2\repository\com\sun\mail\mailapi\1.6.2\mailapi-1.6.2.jar;C:\Users\hp\.m2\repository\joda-time\joda-time\2.10.5\joda-time-2.10.5.jar;C:\Users\hp\.m2\repository\com\googlecode\libphonenumber\libphonenumber\8.11.1\libphonenumber-8.11.1.jar;C:\Users\hp\.m2\repository\com\google\code\findbugs\jsr305\3.0.2\jsr305-3.0.2.jar;C:\Users\hp\.m2\repository\net\sf\jopt-simple\jopt-simple\5.0.4\jopt-simple-5.0.4.jar;C:\Users\hp\.m2\repository\com\google\guava\guava\33.2.1-jre\guava-33.2.1-jre.jar;C:\Users\hp\.m2\repository\com\google\guava\failureaccess\1.0.2\failureaccess-1.0.2.jar;C:\Users\hp\.m2\repository\com\google\guava\listenablefuture\9999.0-empty-to-avoid-conflict-with-guava\listenablefuture-9999.0-empty-to-avoid-conflict-with-guava.jar;C:\Users\hp\.m2\repository\org\checkerframework\checker-qual\3.42.0\checker-qual-3.42.0.jar;C:\Users\hp\.m2\repository\com\google\errorprone\error_prone_annotations\2.26.1\error_prone_annotations-2.26.1.jar;C:\Users\hp\.m2\repository\com\google\j2objc\j2objc-annotations\3.0.0\j2objc-annotations-3.0.0.jar;C:\Users\hp\.m2\repository\com\github\javafaker\javafaker\1.0.2\javafaker-1.0.2.jar;C:\Users\hp\.m2\repository\org\apache\commons\commons-lang3\3.5\commons-lang3-3.5.jar;C:\Users\hp\.m2\repository\org\yaml\snakeyaml\1.23\snakeyaml-1.23-android.jar;C:\Users\hp\.m2\repository\com\github\mifmif\generex\1.0.2\generex-1.0.2.jar;C:\Users\hp\.m2\repository\dk\brics\automaton\automaton\1.11-8\automaton-1.11-8.jar;C:\Users\hp\.m2\repository\com\aventstack\extentreports\5.1.2\extentreports-5.1.2.jar;C:\Users\hp\.m2\repository\io\reactivex\rxjava3\rxjava\3.1.6\rxjava-3.1.6.jar;C:\Users\hp\.m2\repository\org\reactivestreams\reactive-streams\1.0.4\reactive-streams-1.0.4.jar;C:\Users\hp\.m2\repository\org\freemarker\freemarker\2.3.32\freemarker-2.3.32.jar;C:\Users\hp\.m2\repository\org\projectlombok\lombok\1.18.26\lombok-1.18.26.jar;C:\Users\hp\.m2\repository\com\google\code\gson\gson\2.10.1\gson-2.10.1.jar;C:\Users\hp\.m2\repository\org\apache\poi\poi\5.4.1\poi-5.4.1.jar;C:\Users\hp\.m2\repository\commons-codec\commons-codec\1.18.0\commons-codec-1.18.0.jar;C:\Users\hp\.m2\repository\org\apache\commons\commons-collections4\4.4\commons-collections4-4.4.jar;C:\Users\hp\.m2\repository\org\apache\commons\commons-math3\3.6.1\commons-math3-3.6.1.jar;C:\Users\hp\.m2\repository\commons-io\commons-io\2.18.0\commons-io-2.18.0.jar;C:\Users\hp\.m2\repository\com\zaxxer\SparseBitSet\1.3\SparseBitSet-1.3.jar;C:\Users\hp\.m2\repository\org\apache\poi\poi-ooxml\5.4.1\poi-ooxml-5.4.1.jar;C:\Users\hp\.m2\repository\org\apache\poi\poi-ooxml-lite\5.4.1\poi-ooxml-lite-5.4.1.jar;C:\Users\hp\.m2\repository\org\apache\xmlbeans\xmlbeans\5.3.0\xmlbeans-5.3.0.jar;C:\Users\hp\.m2\repository\org\apache\commons\commons-compress\1.27.1\commons-compress-1.27.1.jar;C:\Users\hp\.m2\repository\com\github\virtuald\curvesapi\1.08\curvesapi-1.08.jar;C:\Users\hp\.m2\repository\org\apache\logging\log4j\log4j-api\2.17.2\log4j-api-2.17.2.jar;C:\Users\hp\.m2\repository\org\apache\logging\log4j\log4j-core\2.17.2\log4j-core-2.17.2.jar;"/>
    <property name="sun.cpu.endian" value="little"/>
    <property name="user.home" value="C:\Users\hp"/>
    <property name="user.language" value="en"/>
    <property name="java.specification.vendor" value="Oracle Corporation"/>
    <property name="java.version.date" value="2024-10-15"/>
    <property name="java.home" value="C:\Program Files\Java\jdk-21"/>
    <property name="file.separator" value="\"/>
    <property name="basedir" value="C:\Users\hp\eclipse-workspace\FakeRestAPIBookStore"/>
    <property name="java.vm.compressedOopsMode" value="Zero based"/>
    <property name="line.separator" value="&#10;"/>
    <property name="java.vm.specification.vendor" value="Oracle Corporation"/>
    <property name="java.specification.name" value="Java Platform API Specification"/>
    <property name="surefire.real.class.path" value="C:\Users\hp\AppData\Local\Temp\surefire16524074822096538309\surefirebooter-20250806100645770_3.jar"/>
    <property name="user.script" value=""/>
    <property name="sun.management.compiler" value="HotSpot 64-Bit Tiered Compilers"/>
    <property name="java.runtime.version" value="21.0.5+9-LTS-239"/>
    <property name="user.name" value="hp"/>
    <property name="stdout.encoding" value="Cp1252"/>
    <property name="path.separator" value=";"/>
    <property name="os.version" value="10.0"/>
    <property name="java.runtime.name" value="Java(TM) SE Runtime Environment"/>
    <property name="file.encoding" value="UTF-8"/>
    <property name="java.vm.name" value="Java HotSpot(TM) 64-Bit Server VM"/>
    <property name="localRepository" value="C:\Users\hp\.m2\repository"/>
    <property name="java.vendor.url.bug" value="https://bugreport.java.com/bugreport/"/>
    <property name="java.io.tmpdir" value="C:\Users\hp\AppData\Local\Temp\"/>
    <property name="java.version" value="21.0.5"/>
    <property name="user.dir" value="C:\Users\hp\eclipse-workspace\FakeRestAPIBookStore"/>
    <property name="os.arch" value="amd64"/>
    <property name="java.vm.specification.name" value="Java Virtual Machine Specification"/>
    <property name="sun.os.patch.level" value=""/>
    <property name="native.encoding" value="Cp1252"/>
    <property name="java.library.path" value="C:\Program Files\Java\jdk-21\bin;C:\WINDOWS\Sun\Java\bin;C:\WINDOWS\system32;C:\WINDOWS;C:\Python311\Scripts\;C:\Python311\;C:\Program Files\Common Files\Oracle\Java\javapath;C:\WINDOWS\system32;C:\WINDOWS;C:\WINDOWS\System32\Wbem;C:\WINDOWS\System32\WindowsPowerShell\v1.0\;C:\WINDOWS\System32\OpenSSH\;C:\Program Files\Java\jdk-20\bin;C:\Program Files\Microsoft SQL Server\150\Tools\Binn\;C:\Program Files\Microsoft SQL Server\Client SDK\ODBC\170\Tools\Binn\;C:\ProgramData\chocolatey\bin;C:\Program Files\MongoDB\Server\7.0\bin;C:\mongosh-2.1.1-win32-x64\bin;C:\Program Files\Amazon\AWSCLIV2\;C:\Program Files\Java\jdk-21\bin;C:\Program Files\Git\cmd;C:\Users\hp\Downloads\apache-maven-3.9.9-bin\apache-maven-3.9.9\bin;C:\Program Files\Docker\Docker\resources\bin;C:\Program Files\nodejs\;C:\Program Files\nodejs\node_modules;C:\Program Files\dotnet\;C:\Users\hp\Downloads\apache-maven-3.9.10-bin\apache-maven-3.9.10\bin;C:\Program Files\MySQL\MySQL Shell 8.0\bin\;C:\Users\hp\AppData\Local\Microsoft\WindowsApps;C:\Users\hp\AppData\Local\Programs\Microsoft VS Code\bin;C:\Program Files\JetBrains\PyCharm Community Edition 2024.3.3\bin;;C:\Users\hp\AppData\Roaming\npm;C:\Users\hp\.dotnet\tools;."/>
    <property name="java.vm.info" value="mixed mode, sharing"/>
    <property name="stderr.encoding" value="Cp1252"/>
    <property name="java.vendor" value="Oracle Corporation"/>
    <property name="java.vm.version" value="21.0.5+9-LTS-239"/>
    <property name="sun.io.unicode.encoding" value="UnicodeLittle"/>
    <property name="java.class.version" value="65.0"/>
  </properties>
  <testcase name="testPostBook" classname="api.test.BookTests" time="5.476">
    <system-out><![CDATA[10:06:50 INFO  *********Creating Book*********
HTTP/1.1 200 OK
Content-Type: application/json; charset=utf-8; v=1.0
Date: Wed, 06 Aug 2025 04:36:53 GMT
Server: Kestrel
Transfer-Encoding: chunked
api-supported-versions: 1.0

{
    "id": 3,
    "title": "The Glory and the Dream",
    "description": "Sit numquam nihil corrupti corporis saepe beatae.",
    "pageCount": 322,
    "excerpt": "Excerpt of The Glory and the Dream",
    "publishDate": "2025-08-06T10:06:48.9219597"
}
10:06:55 INFO  *********Book is created **********
]]></system-out>
    <system-err><![CDATA[SLF4J(W): No SLF4J providers were found.
SLF4J(W): Defaulting to no-operation (NOP) logger implementation
SLF4J(W): See https://www.slf4j.org/codes.html#noProviders for further details.
]]></system-err>
  </testcase>
  <testcase name="testGetBook" classname="api.test.BookTests" time="0.679">
    <system-out><![CDATA[10:06:55 INFO  *********Reading Book Info***************
HTTP/1.1 200 OK
Content-Type: application/json; charset=utf-8; v=1.0
Date: Wed, 06 Aug 2025 04:36:54 GMT
Server: Kestrel
Transfer-Encoding: chunked
api-supported-versions: 1.0

{
    "id": 3,
    "title": "Book 3",
    "description": "Lorem lorem lorem. Lorem lorem lorem. Lorem lorem lorem.\n",
    "pageCount": 300,
    "excerpt": "Lorem lorem lorem. Lorem lorem lorem. Lorem lorem lorem.\nLorem lorem lorem. Lorem lorem lorem. Lorem lorem lorem.\nLorem lorem lorem. Lorem lorem lorem. Lorem lorem lorem.\nLorem lorem lorem. Lorem lorem lorem. Lorem lorem lorem.\nLorem lorem lorem. Lorem lorem lorem. Lorem lorem lorem.\n",
    "publishDate": "2025-08-03T04:36:55.2271755+00:00"
}
10:06:56 INFO  *******Book is displayed*******
]]></system-out>
  </testcase>
  <testcase name="testUpdateBook" classname="api.test.BookTests" time="0.598">
    <system-out><![CDATA[10:06:56 INFO  *******Updating Book ***********
HTTP/1.1 200 OK
Content-Type: application/json; charset=utf-8; v=1.0
Date: Wed, 06 Aug 2025 04:36:55 GMT
Server: Kestrel
Transfer-Encoding: chunked
api-supported-versions: 1.0

{
    "id": 3,
    "title": "The Yellow Meads of Asphodel",
    "description": "Quaerat cupiditate in et.",
    "pageCount": 137,
    "excerpt": "Updated excerpt for The Yellow Meads of Asphodel",
    "publishDate": "2025-08-06T10:06:56.1929633"
}
10:06:56 INFO  **********Book Updated***********
]]></system-out>
  </testcase>
  <testcase name="testDeleteBook" classname="api.test.BookTests" time="0.551">
    <system-out><![CDATA[10:06:56 INFO  **********Deleting Book***********
HTTP/1.1 200 OK
Content-Length: 0
Date: Wed, 06 Aug 2025 04:36:55 GMT
Server: Kestrel
api-supported-versions: 1.0
10:06:57 INFO  ************Book Deleted***********
]]></system-out>
  </testcase>
  <testcase name="testPostBook" classname="api.test.BookTests2" time="0.56">
    <system-out><![CDATA[10:06:57 INFO  *********Creating Book*********
HTTP/1.1 200 OK
Content-Type: application/json; charset=utf-8; v=1.0
Date: Wed, 06 Aug 2025 04:36:56 GMT
Server: Kestrel
Transfer-Encoding: chunked
api-supported-versions: 1.0

{
    "id": 3,
    "title": "Now Sleeps the Crimson Petal",
    "description": "Est quis eum repellat quia.",
    "pageCount": 237,
    "excerpt": "Excerpt of Now Sleeps the Crimson Petal",
    "publishDate": "2025-08-06T10:06:57.3719582"
}
10:06:57 INFO  *********Book is created **********
]]></system-out>
  </testcase>
  <testcase name="testGetBook" classname="api.test.BookTests2" time="0.508">
    <system-out><![CDATA[10:06:57 INFO  *********Reading Book Info***************
HTTP/1.1 200 OK
Content-Type: application/json; charset=utf-8; v=1.0
Date: Wed, 06 Aug 2025 04:36:56 GMT
Server: Kestrel
Transfer-Encoding: chunked
api-supported-versions: 1.0

{
    "id": 3,
    "title": "Book 3",
    "description": "Lorem lorem lorem. Lorem lorem lorem. Lorem lorem lorem.\n",
    "pageCount": 300,
    "excerpt": "Lorem lorem lorem. Lorem lorem lorem. Lorem lorem lorem.\nLorem lorem lorem. Lorem lorem lorem. Lorem lorem lorem.\nLorem lorem lorem. Lorem lorem lorem. Lorem lorem lorem.\nLorem lorem lorem. Lorem lorem lorem. Lorem lorem lorem.\nLorem lorem lorem. Lorem lorem lorem. Lorem lorem lorem.\n",
    "publishDate": "2025-08-03T04:36:57.4716875+00:00"
}
10:06:58 INFO  *******Book is displayed*******
]]></system-out>
  </testcase>
  <testcase name="testUpdateBook" classname="api.test.BookTests2" time="0.503">
    <system-out><![CDATA[10:06:58 INFO  *******Updating Book ***********
HTTP/1.1 200 OK
Content-Type: application/json; charset=utf-8; v=1.0
Date: Wed, 06 Aug 2025 04:36:57 GMT
Server: Kestrel
Transfer-Encoding: chunked
api-supported-versions: 1.0

{
    "id": 3,
    "title": "In a Glass Darkly",
    "description": "Velit minus consequatur vero a.",
    "pageCount": 251,
    "excerpt": "Updated excerpt for In a Glass Darkly",
    "publishDate": "2025-08-06T10:06:58.4329601"
}
10:06:58 INFO  **********Book Updated***********
]]></system-out>
  </testcase>
  <testcase name="testDeleteBook" classname="api.test.BookTests2" time="0.579">
    <system-out><![CDATA[10:06:58 INFO  **********Deleting Book***********
HTTP/1.1 200 OK
Content-Length: 0
Date: Wed, 06 Aug 2025 04:36:57 GMT
Server: Kestrel
api-supported-versions: 1.0
10:06:59 INFO  ************Book Deleted***********
]]></system-out>
  </testcase>
  <testcase name="testPostAuthor" classname="api.test.AuthorTests" time="0.542">
    <system-out><![CDATA[10:06:59 INFO  ************Creating Author****************
HTTP/1.1 200 OK
Content-Type: application/json; charset=utf-8; v=1.0
Date: Wed, 06 Aug 2025 04:36:58 GMT
Server: Kestrel
Transfer-Encoding: chunked
api-supported-versions: 1.0

{
    "id": 3,
    "idBook": 2,
    "firstName": "Elfreda",
    "lastName": "Gutmann"
}
10:07:00 INFO  ***************Author Created***************
]]></system-out>
  </testcase>
  <testcase name="testGetAuthor" classname="api.test.AuthorTests" time="0.479">
    <system-out><![CDATA[10:07:00 INFO  **************Reading Author Info**************
HTTP/1.1 200 OK
Content-Type: application/json; charset=utf-8; v=1.0
Date: Wed, 06 Aug 2025 04:36:59 GMT
Server: Kestrel
Transfer-Encoding: chunked
api-supported-versions: 1.0

{
    "id": 3,
    "idBook": 2,
    "firstName": "First Name 3",
    "lastName": "Last Name 3"
}
10:07:00 INFO  ***********Author is displayed************
]]></system-out>
  </testcase>
  <testcase name="testUpdateAuthor" classname="api.test.AuthorTests" time="0.498">
    <system-out><![CDATA[10:07:00 INFO  **************Updating Author*************
HTTP/1.1 200 OK
Content-Type: application/json; charset=utf-8; v=1.0
Date: Wed, 06 Aug 2025 04:36:59 GMT
Server: Kestrel
Transfer-Encoding: chunked
api-supported-versions: 1.0

{
    "id": 3,
    "idBook": 2,
    "firstName": "Updated_Felicia",
    "lastName": "Gutmann"
}
10:07:01 INFO  ************ Author Updated ************
]]></system-out>
  </testcase>
  <testcase name="testDeleteAuthor" classname="api.test.AuthorTests" time="0.499">
    <system-out><![CDATA[10:07:01 INFO  ************ Deleting Author ************
HTTP/1.1 200 OK
Content-Length: 0
Date: Wed, 06 Aug 2025 04:37:00 GMT
Server: Kestrel
api-supported-versions: 1.0
10:07:01 INFO  ************ Author Deleted ************
]]></system-out>
  </testcase>
  <testcase name="testPostAuthor" classname="api.test.AuthorTests2" time="0.536">
    <system-out><![CDATA[10:07:01 INFO  ************Creating Author****************
HTTP/1.1 200 OK
Content-Type: application/json; charset=utf-8; v=1.0
Date: Wed, 06 Aug 2025 04:37:00 GMT
Server: Kestrel
Transfer-Encoding: chunked
api-supported-versions: 1.0

{
    "id": 3,
    "idBook": 2,
    "firstName": "Chas",
    "lastName": "Hirthe"
}
10:07:02 INFO  ***************Author Created***************
]]></system-out>
  </testcase>
  <testcase name="testGetAuthor" classname="api.test.AuthorTests2" time="0.52">
    <system-out><![CDATA[10:07:02 INFO  **************Reading Author Info**************
HTTP/1.1 200 OK
Content-Type: application/json; charset=utf-8; v=1.0
Date: Wed, 06 Aug 2025 04:37:01 GMT
Server: Kestrel
Transfer-Encoding: chunked
api-supported-versions: 1.0

{
    "id": 3,
    "idBook": 1,
    "firstName": "First Name 3",
    "lastName": "Last Name 3"
}
10:07:02 INFO  ***********Author is displayed************
]]></system-out>
  </testcase>
  <testcase name="testUpdateAuthor" classname="api.test.AuthorTests2" time="0.495">
    <system-out><![CDATA[10:07:02 INFO  **************Updating Author*************
HTTP/1.1 200 OK
Content-Type: application/json; charset=utf-8; v=1.0
Date: Wed, 06 Aug 2025 04:37:01 GMT
Server: Kestrel
Transfer-Encoding: chunked
api-supported-versions: 1.0

{
    "id": 3,
    "idBook": 2,
    "firstName": "Updated_Ardis",
    "lastName": "Hirthe"
}
10:07:03 INFO  ************ Author Updated ************
]]></system-out>
  </testcase>
  <testcase name="testDeleteAuthor" classname="api.test.AuthorTests2" time="0.468">
    <system-out><![CDATA[10:07:03 INFO  ************ Deleting Author ************
HTTP/1.1 200 OK
Content-Length: 0
Date: Wed, 06 Aug 2025 04:37:02 GMT
Server: Kestrel
api-supported-versions: 1.0
10:07:03 INFO  ************ Author Deleted ************
]]></system-out>
  </testcase>
  <testcase name="testAuthorFlow[101.0, 2.0, John, Smith](1)" classname="api.test.DDTestsAuthor" time="2.038">
    <system-out><![CDATA[{
    "id": 101,
    "idBook": 2,
    "firstName": "John",
    "lastName": "Smith"
}
{
    "id": 101,
    "idBook": 34,
    "firstName": "First Name 101",
    "lastName": "Last Name 101"
}
{
    "id": 101,
    "idBook": 2,
    "firstName": "Updated_John",
    "lastName": "Smith"
}

]]></system-out>
  </testcase>
  <testcase name="testAuthorFlow[102.0, 3.0, Jane, Doe](2)" classname="api.test.DDTestsAuthor" time="1.913">
    <system-out><![CDATA[{
    "id": 102,
    "idBook": 3,
    "firstName": "Jane",
    "lastName": "Doe"
}
{
    "id": 102,
    "idBook": 34,
    "firstName": "First Name 102",
    "lastName": "Last Name 102"
}
{
    "id": 102,
    "idBook": 3,
    "firstName": "Updated_Jane",
    "lastName": "Doe"
}

]]></system-out>
  </testcase>
  <testcase name="testPostCoverPhoto" classname="api.test.CoverPhotoTests" time="0.545">
    <system-out><![CDATA[10:07:08 INFO  *******creating CoverPhoto***********
HTTP/1.1 200 OK
Content-Type: application/json; charset=utf-8; v=1.0
Date: Wed, 06 Aug 2025 04:37:07 GMT
Server: Kestrel
Transfer-Encoding: chunked
api-supported-versions: 1.0

{
    "id": 3,
    "idBook": 1,
    "url": "http://lorempixel.com/g/1024/768/food/"
}
10:07:09 INFO  **********CoverPhoto created**********
]]></system-out>
  </testcase>
  <testcase name="testGetCoverPhoto" classname="api.test.CoverPhotoTests" time="0.479">
    <system-out><![CDATA[10:07:09 INFO  **********reading CoverPhoto***********
HTTP/1.1 200 OK
Content-Type: application/json; charset=utf-8; v=1.0
Date: Wed, 06 Aug 2025 04:37:08 GMT
Server: Kestrel
Transfer-Encoding: chunked
api-supported-versions: 1.0

{
    "id": 1,
    "idBook": 1,
    "url": "https://placeholdit.imgix.net/~text?txtsize=33&txt=Book 1&w=250&h=350"
}
10:07:09 INFO  ********CoverPhoto is displayed***********
]]></system-out>
  </testcase>
  <testcase name="testUpdateCoverPhoto" classname="api.test.CoverPhotoTests" time="0.503">
    <system-out><![CDATA[10:07:09 INFO  *********updating CoverPhoto**********
HTTP/1.1 200 OK
Content-Type: application/json; charset=utf-8; v=1.0
Date: Wed, 06 Aug 2025 04:37:08 GMT
Server: Kestrel
Transfer-Encoding: chunked
api-supported-versions: 1.0

{
    "id": 3,
    "idBook": 1,
    "url": "Updated_http://lorempixel.com/1680/1050/nature/"
}
10:07:10 INFO  *********CoverPhoto updated***********
]]></system-out>
  </testcase>
  <testcase name="testDeleteCoverPhoto" classname="api.test.CoverPhotoTests" time="0.52">
    <system-out><![CDATA[10:07:10 INFO  ***********deleting CoverPhoto***********
HTTP/1.1 200 OK
Content-Length: 0
Date: Wed, 06 Aug 2025 04:37:09 GMT
Server: Kestrel
api-supported-versions: 1.0
10:07:10 INFO  **********CoverPhoto deleted*************
]]></system-out>
  </testcase>
  <testcase name="testPostCoverPhoto" classname="api.test.CoverPhotoTests2" time="0.555">
    <system-out><![CDATA[10:07:10 INFO  *******creating/Updating CoverPhoto (using PUT) ***********
HTTP/1.1 200 OK
Content-Type: application/json; charset=utf-8; v=1.0
Date: Wed, 06 Aug 2025 04:37:09 GMT
Server: Kestrel
Transfer-Encoding: chunked
api-supported-versions: 1.0

{
    "id": 3,
    "idBook": 1,
    "url": "http://lorempixel.com/720/348/sports/"
}
10:07:11 INFO  **********CoverPhoto created/updated**********
]]></system-out>
  </testcase>
  <testcase name="testGetCoverPhoto" classname="api.test.CoverPhotoTests2" time="0.482">
    <system-out><![CDATA[10:07:11 INFO  **********reading CoverPhoto***********
HTTP/1.1 200 OK
Content-Type: application/json; charset=utf-8; v=1.0
Date: Wed, 06 Aug 2025 04:37:10 GMT
Server: Kestrel
Transfer-Encoding: chunked
api-supported-versions: 1.0

{
    "id": 1,
    "idBook": 1,
    "url": "https://placeholdit.imgix.net/~text?txtsize=33&txt=Book 1&w=250&h=350"
}
10:07:11 INFO  ********CoverPhoto is displayed***********
]]></system-out>
  </testcase>
  <testcase name="testUpdateCoverPhoto" classname="api.test.CoverPhotoTests2" time="0.475">
    <system-out><![CDATA[10:07:11 INFO  *********updating CoverPhoto**********
HTTP/1.1 200 OK
Content-Type: application/json; charset=utf-8; v=1.0
Date: Wed, 06 Aug 2025 04:37:10 GMT
Server: Kestrel
Transfer-Encoding: chunked
api-supported-versions: 1.0

{
    "id": 3,
    "idBook": 1,
    "url": "Updated_http://lorempixel.com/320/200/animals/"
}
10:07:12 INFO  *********CoverPhoto updated***********
]]></system-out>
  </testcase>
  <testcase name="testDeleteCoverPhoto" classname="api.test.CoverPhotoTests2" time="0.545">
    <system-out><![CDATA[10:07:12 INFO  ***********deleting CoverPhoto***********
HTTP/1.1 200 OK
Content-Length: 0
Date: Wed, 06 Aug 2025 04:37:11 GMT
Server: Kestrel
api-supported-versions: 1.0
10:07:12 INFO  **********CoverPhoto deleted*************
]]></system-out>
  </testcase>
  <testcase name="testCreateCoverPhoto[1, 1, https://dummyimage.com/600x400/1](1)" classname="api.test.DDTestsCoverPhoto" time="0.568">
    <system-out><![CDATA[HTTP/1.1 200 OK
Content-Type: application/json; charset=utf-8; v=1.0
Date: Wed, 06 Aug 2025 04:37:12 GMT
Server: Kestrel
Transfer-Encoding: chunked
api-supported-versions: 1.0

{
    "id": 1,
    "idBook": 1,
    "url": "https://dummyimage.com/600x400/1"
}
]]></system-out>
  </testcase>
  <testcase name="testCreateCoverPhoto[2, 2, https://dummyimage.com/600x400/2](2)" classname="api.test.DDTestsCoverPhoto" time="0.532">
    <system-out><![CDATA[HTTP/1.1 200 OK
Content-Type: application/json; charset=utf-8; v=1.0
Date: Wed, 06 Aug 2025 04:37:12 GMT
Server: Kestrel
Transfer-Encoding: chunked
api-supported-versions: 1.0

{
    "id": 2,
    "idBook": 2,
    "url": "https://dummyimage.com/600x400/2"
}
]]></system-out>
  </testcase>
  <testcase name="testCreateCoverPhoto[3, 3, https://dummyimage.com/600x400/3](3)" classname="api.test.DDTestsCoverPhoto" time="0.513">
    <system-out><![CDATA[HTTP/1.1 200 OK
Content-Type: application/json; charset=utf-8; v=1.0
Date: Wed, 06 Aug 2025 04:37:13 GMT
Server: Kestrel
Transfer-Encoding: chunked
api-supported-versions: 1.0

{
    "id": 3,
    "idBook": 3,
    "url": "https://dummyimage.com/600x400/3"
}
]]></system-out>
  </testcase>
  <testcase name="testGetCoverPhotoById[1, 1, https://dummyimage.com/600x400/1](1)" classname="api.test.DDTestsCoverPhoto" time="0.513">
    <system-out><![CDATA[HTTP/1.1 200 OK
Content-Type: application/json; charset=utf-8; v=1.0
Date: Wed, 06 Aug 2025 04:37:13 GMT
Server: Kestrel
Transfer-Encoding: chunked
api-supported-versions: 1.0

{
    "id": 1,
    "idBook": 1,
    "url": "https://placeholdit.imgix.net/~text?txtsize=33&txt=Book 1&w=250&h=350"
}
]]></system-out>
  </testcase>
  <testcase name="testGetCoverPhotoById[2, 2, https://dummyimage.com/600x400/2](2)" classname="api.test.DDTestsCoverPhoto" time="0.524">
    <system-out><![CDATA[HTTP/1.1 200 OK
Content-Type: application/json; charset=utf-8; v=1.0
Date: Wed, 06 Aug 2025 04:37:14 GMT
Server: Kestrel
Transfer-Encoding: chunked
api-supported-versions: 1.0

{
    "id": 2,
    "idBook": 2,
    "url": "https://placeholdit.imgix.net/~text?txtsize=33&txt=Book 2&w=250&h=350"
}
]]></system-out>
  </testcase>
  <testcase name="testGetCoverPhotoById[3, 3, https://dummyimage.com/600x400/3](3)" classname="api.test.DDTestsCoverPhoto" time="0.507">
    <system-out><![CDATA[HTTP/1.1 200 OK
Content-Type: application/json; charset=utf-8; v=1.0
Date: Wed, 06 Aug 2025 04:37:14 GMT
Server: Kestrel
Transfer-Encoding: chunked
api-supported-versions: 1.0

{
    "id": 3,
    "idBook": 3,
    "url": "https://placeholdit.imgix.net/~text?txtsize=33&txt=Book 3&w=250&h=350"
}
]]></system-out>
  </testcase>
  <testcase name="testUpdateCoverPhoto[1, 1, https://dummyimage.com/600x400/1](1)" classname="api.test.DDTestsCoverPhoto" time="0.511">
    <system-out><![CDATA[HTTP/1.1 200 OK
Content-Type: application/json; charset=utf-8; v=1.0
Date: Wed, 06 Aug 2025 04:37:15 GMT
Server: Kestrel
Transfer-Encoding: chunked
api-supported-versions: 1.0

{
    "id": 1,
    "idBook": 1,
    "url": "https://dummyimage.com/600x400/1?updated=true"
}
]]></system-out>
  </testcase>
  <testcase name="testUpdateCoverPhoto[2, 2, https://dummyimage.com/600x400/2](2)" classname="api.test.DDTestsCoverPhoto" time="0.53">
    <system-out><![CDATA[HTTP/1.1 200 OK
Content-Type: application/json; charset=utf-8; v=1.0
Date: Wed, 06 Aug 2025 04:37:15 GMT
Server: Kestrel
Transfer-Encoding: chunked
api-supported-versions: 1.0

{
    "id": 2,
    "idBook": 2,
    "url": "https://dummyimage.com/600x400/2?updated=true"
}
]]></system-out>
  </testcase>
  <testcase name="testUpdateCoverPhoto[3, 3, https://dummyimage.com/600x400/3](3)" classname="api.test.DDTestsCoverPhoto" time="0.527">
    <system-out><![CDATA[HTTP/1.1 200 OK
Content-Type: application/json; charset=utf-8; v=1.0
Date: Wed, 06 Aug 2025 04:37:16 GMT
Server: Kestrel
Transfer-Encoding: chunked
api-supported-versions: 1.0

{
    "id": 3,
    "idBook": 3,
    "url": "https://dummyimage.com/600x400/3?updated=true"
}
]]></system-out>
  </testcase>
  <testcase name="testDeleteCoverPhotoById[1, 1, https://dummyimage.com/600x400/1](1)" classname="api.test.DDTestsCoverPhoto" time="0.476">
    <system-out><![CDATA[HTTP/1.1 200 OK
Content-Length: 0
Date: Wed, 06 Aug 2025 04:37:16 GMT
Server: Kestrel
api-supported-versions: 1.0
]]></system-out>
  </testcase>
  <testcase name="testDeleteCoverPhotoById[2, 2, https://dummyimage.com/600x400/2](2)" classname="api.test.DDTestsCoverPhoto" time="0.47">
    <system-out><![CDATA[HTTP/1.1 200 OK
Content-Length: 0
Date: Wed, 06 Aug 2025 04:37:17 GMT
Server: Kestrel
api-supported-versions: 1.0
]]></system-out>
  </testcase>
  <testcase name="testDeleteCoverPhotoById[3, 3, https://dummyimage.com/600x400/3](3)" classname="api.test.DDTestsCoverPhoto" time="0.493">
    <system-out><![CDATA[HTTP/1.1 200 OK
Content-Length: 0
Date: Wed, 06 Aug 2025 04:37:17 GMT
Server: Kestrel
api-supported-versions: 1.0
]]></system-out>
  </testcase>
</testsuite>