<?xml version="1.0" encoding="UTF-8"?>
<!-- Generated by org.testng.reporters.JUnitReportReporter -->
<testsuite hostname="DESKTOP-A7D4RAN" failures="0" tests="4" name="api.test.BookTests" time="6.177" errors="0" timestamp="2025-07-31T11:08:10 IST" skipped="0">
  <testcase classname="api.test.BookTests" name="testPostBook" time="4.361"/>
  <testcase classname="api.test.BookTests" name="testGetBook" time="0.647"/>
  <testcase classname="api.test.BookTests" name="testUpdateBook" time="0.604"/>
  <testcase classname="api.test.BookTests" name="testDeleteBook" time="0.565"/>
</testsuite> <!-- api.test.BookTests -->
