<?xml version="1.0" encoding="UTF-8"?>
<!-- Generated by org.testng.reporters.JUnitReportReporter -->
<testsuite hostname="DESKTOP-A7D4RAN" failures="0" tests="2" name="api.test.DDTestsAuthor" time="4.333" errors="0" timestamp="2025-08-04T19:38:25 IST" skipped="0">
  <testcase classname="api.test.DDTestsAuthor" name="testAuthorFlow" time="2.197"/>
  <testcase classname="api.test.DDTestsAuthor" name="testAuthorFlow" time="2.136"/>
</testsuite> <!-- api.test.DDTestsAuthor -->
