<?xml version="1.0" encoding="UTF-8"?>
<!-- Generated by org.testng.reporters.JUnitReportReporter -->
<testsuite hostname="DESKTOP-A7D4RAN" failures="0" tests="4" name="api.test.AuthorTests" time="2.041" errors="0" timestamp="2025-08-06T10:05:21 IST" skipped="0">
  <testcase classname="api.test.AuthorTests" name="testPostAuthor" time="0.526"/>
  <testcase classname="api.test.AuthorTests" name="testGetAuthor" time="0.510"/>
  <testcase classname="api.test.AuthorTests" name="testUpdateAuthor" time="0.491"/>
  <testcase classname="api.test.AuthorTests" name="testDeleteAuthor" time="0.514"/>
</testsuite> <!-- api.test.AuthorTests -->
