<?xml version="1.0" encoding="UTF-8"?>
<!-- Generated by org.testng.reporters.JUnitReportReporter -->
<testsuite hostname="DESKTOP-A7D4RAN" failures="0" tests="4" name="api.test.CoverPhotoTests2" time="2.041" errors="0" timestamp="2025-08-05T19:59:38 IST" skipped="0">
  <testcase classname="api.test.CoverPhotoTests2" name="testPostCoverPhoto" time="0.560"/>
  <testcase classname="api.test.CoverPhotoTests2" name="testGetCoverPhoto" time="0.489"/>
  <testcase classname="api.test.CoverPhotoTests2" name="testUpdateCoverPhoto" time="0.495"/>
  <testcase classname="api.test.CoverPhotoTests2" name="testDeleteCoverPhoto" time="0.497"/>
</testsuite> <!-- api.test.CoverPhotoTests2 -->
