<?xml version="1.0" encoding="UTF-8"?>
<!-- Generated by org.testng.reporters.JUnitReportReporter -->
<testsuite hostname="DESKTOP-A7D4RAN" failures="0" tests="4" name="api.test.CoverPhotoTests" time="2.041" errors="0" timestamp="2025-08-06T10:13:38 IST" skipped="0">
  <testcase classname="api.test.CoverPhotoTests" name="testPostCoverPhoto" time="0.490"/>
  <testcase classname="api.test.CoverPhotoTests" name="testGetCoverPhoto" time="0.471"/>
  <testcase classname="api.test.CoverPhotoTests" name="testUpdateCoverPhoto" time="0.503"/>
  <testcase classname="api.test.CoverPhotoTests" name="testDeleteCoverPhoto" time="0.577"/>
</testsuite> <!-- api.test.CoverPhotoTests -->
