<?xml version="1.0" encoding="UTF-8"?>
<!-- Generated by org.testng.reporters.JUnitReportReporter -->
<testsuite hostname="DESKTOP-A7D4RAN" failures="0" tests="4" name="api.test.UserTests" time="8.117" errors="0" timestamp="2025-08-04T21:40:28 IST" skipped="0">
  <testcase classname="api.test.UserTests" name="testPostUser" time="6.393"/>
  <testcase classname="api.test.UserTests" name="testGetUser" time="0.625"/>
  <testcase classname="api.test.UserTests" name="testUpdateUser" time="0.569"/>
  <testcase classname="api.test.UserTests" name="testDeleteUser" time="0.530"/>
</testsuite> <!-- api.test.UserTests -->
