<?xml version="1.0" encoding="UTF-8"?>
<!-- Generated by org.testng.reporters.JUnitReportReporter -->
<testsuite hostname="DESKTOP-A7D4RAN" failures="0" tests="4" name="api.test.CoverPhotoTests" time="4.405" errors="0" timestamp="2025-08-05T19:59:38 IST" skipped="0">
  <testcase classname="api.test.CoverPhotoTests" name="testPostCoverPhoto" time="0.513"/>
  <testcase classname="api.test.CoverPhotoTests" name="testGetCoverPhoto" time="2.832"/>
  <testcase classname="api.test.CoverPhotoTests" name="testUpdateCoverPhoto" time="0.511"/>
  <testcase classname="api.test.CoverPhotoTests" name="testDeleteCoverPhoto" time="0.549"/>
</testsuite> <!-- api.test.CoverPhotoTests -->
