<?xml version="1.0" encoding="UTF-8"?>
<!-- Generated by org.testng.reporters.JUnitReportReporter -->
<testsuite hostname="DESKTOP-A7D4RAN" failures="0" tests="2" name="api.test.DDTestsAuthor" time="6.695" errors="0" timestamp="2025-08-04T21:40:28 IST" skipped="0">
  <testcase classname="api.test.DDTestsAuthor" name="testAuthorFlow" time="4.496"/>
  <testcase classname="api.test.DDTestsAuthor" name="testAuthorFlow" time="2.199"/>
</testsuite> <!-- api.test.DDTestsAuthor -->
