<?xml version="1.0" encoding="UTF-8"?>
<!-- Generated by org.testng.reporters.JUnitReportReporter -->
<testsuite hostname="DESKTOP-A7D4RAN" failures="0" tests="4" name="api.test.BookTests" time="2.319" errors="0" timestamp="2025-07-31T11:16:56 IST" skipped="0">
  <testcase classname="api.test.BookTests" name="testPostBook" time="0.586"/>
  <testcase classname="api.test.BookTests" name="testGetBook" time="0.554"/>
  <testcase classname="api.test.BookTests" name="testUpdateBook" time="0.589"/>
  <testcase classname="api.test.BookTests" name="testDeleteBook" time="0.590"/>
</testsuite> <!-- api.test.BookTests -->
