<?xml version="1.0" encoding="UTF-8"?>
<!-- Generated by org.testng.reporters.JUnitReportReporter -->
<testsuite hostname="DESKTOP-A7D4RAN" failures="0" tests="4" name="api.test.BookTests" time="6.623" errors="0" timestamp="2025-08-06T10:05:21 IST" skipped="0">
  <testcase classname="api.test.BookTests" name="testPostBook" time="4.964"/>
  <testcase classname="api.test.BookTests" name="testGetBook" time="0.623"/>
  <testcase classname="api.test.BookTests" name="testUpdateBook" time="0.512"/>
  <testcase classname="api.test.BookTests" name="testDeleteBook" time="0.524"/>
</testsuite> <!-- api.test.BookTests -->
