<?xml version="1.0" encoding="UTF-8"?>
<!-- Generated by org.testng.reporters.JUnitReportReporter -->
<testsuite hostname="DESKTOP-A7D4RAN" failures="0" tests="4" name="api.test.UserTests" time="6.940" errors="0" timestamp="2025-07-30T10:30:44 IST" skipped="0">
  <testcase classname="api.test.UserTests" name="testPostUser" time="5.132"/>
  <testcase classname="api.test.UserTests" name="testGetUser" time="0.636"/>
  <testcase classname="api.test.UserTests" name="testUpdateUser" time="0.586"/>
  <testcase classname="api.test.UserTests" name="testDeleteUser" time="0.586"/>
</testsuite> <!-- api.test.UserTests -->
