<?xml version="1.0" encoding="UTF-8"?>
<!-- Generated by org.testng.reporters.JUnitReportReporter -->
<testsuite hostname="DESKTOP-A7D4RAN" failures="0" tests="4" name="api.test.CoverPhotoTests2" time="1.954" errors="0" timestamp="2025-08-06T10:13:38 IST" skipped="0">
  <testcase classname="api.test.CoverPhotoTests2" name="testPostCoverPhoto" time="0.534"/>
  <testcase classname="api.test.CoverPhotoTests2" name="testGetCoverPhoto" time="0.473"/>
  <testcase classname="api.test.CoverPhotoTests2" name="testUpdateCoverPhoto" time="0.478"/>
  <testcase classname="api.test.CoverPhotoTests2" name="testDeleteCoverPhoto" time="0.469"/>
</testsuite> <!-- api.test.CoverPhotoTests2 -->
