<?xml version="1.0" encoding="UTF-8"?>
<!-- Generated by org.testng.reporters.JUnitReportReporter -->
<testsuite hostname="DESKTOP-A7D4RAN" failures="0" tests="2" name="api.test.DDTestsAuthor" time="3.874" errors="0" timestamp="2025-08-06T10:13:38 IST" skipped="0">
  <testcase classname="api.test.DDTestsAuthor" name="testAuthorFlow" time="1.955"/>
  <testcase classname="api.test.DDTestsAuthor" name="testAuthorFlow" time="1.919"/>
</testsuite> <!-- api.test.DDTestsAuthor -->
