<?xml version="1.0" encoding="UTF-8"?>
<!-- Generated by org.testng.reporters.JUnitReportReporter -->
<testsuite hostname="DESKTOP-A7D4RAN" failures="0" tests="4" name="api.test.AuthorTests" time="6.384" errors="0" timestamp="2025-08-05T19:59:38 IST" skipped="0">
  <testcase classname="api.test.AuthorTests" name="testPostAuthor" time="4.777"/>
  <testcase classname="api.test.AuthorTests" name="testGetAuthor" time="0.587"/>
  <testcase classname="api.test.AuthorTests" name="testUpdateAuthor" time="0.522"/>
  <testcase classname="api.test.AuthorTests" name="testDeleteAuthor" time="0.498"/>
</testsuite> <!-- api.test.AuthorTests -->
