<?xml version="1.0" encoding="UTF-8"?>
<!-- Generated by org.testng.reporters.JUnitReportReporter -->
<testsuite hostname="DESKTOP-A7D4RAN" failures="0" tests="4" name="api.test.BookTests2" time="2.223" errors="0" timestamp="2025-08-04T19:38:25 IST" skipped="0">
  <testcase classname="api.test.BookTests2" name="testPostBook" time="0.535"/>
  <testcase classname="api.test.BookTests2" name="testGetBook" time="0.558"/>
  <testcase classname="api.test.BookTests2" name="testUpdateBook" time="0.594"/>
  <testcase classname="api.test.BookTests2" name="testDeleteBook" time="0.536"/>
</testsuite> <!-- api.test.BookTests2 -->
