<?xml version="1.0" encoding="UTF-8"?>
<!-- Generated by org.testng.reporters.JUnitReportReporter -->
<testsuite hostname="DESKTOP-A7D4RAN" failures="0" tests="4" name="api.test.AuthorTests2" time="2.195" errors="0" timestamp="2025-08-04T19:38:25 IST" skipped="0">
  <testcase classname="api.test.AuthorTests2" name="testPostAuthor" time="0.520"/>
  <testcase classname="api.test.AuthorTests2" name="testGetAuthor" time="0.565"/>
  <testcase classname="api.test.AuthorTests2" name="testUpdateAuthor" time="0.559"/>
  <testcase classname="api.test.AuthorTests2" name="testDeleteAuthor" time="0.551"/>
</testsuite> <!-- api.test.AuthorTests2 -->
