<?xml version="1.0" encoding="UTF-8"?>
<!-- Generated by org.testng.reporters.JUnitReportReporter -->
<testsuite hostname="DESKTOP-A7D4RAN" failures="0" tests="12" name="api.test.DDTestsCoverPhoto" time="5.838" errors="0" timestamp="2025-08-06T10:05:21 IST" skipped="0">
  <testcase classname="api.test.DDTestsCoverPhoto" name="testCreateCoverPhoto" time="0.498"/>
  <testcase classname="api.test.DDTestsCoverPhoto" name="testCreateCoverPhoto" time="0.484"/>
  <testcase classname="api.test.DDTestsCoverPhoto" name="testCreateCoverPhoto" time="0.479"/>
  <testcase classname="api.test.DDTestsCoverPhoto" name="testGetCoverPhotoById" time="0.471"/>
  <testcase classname="api.test.DDTestsCoverPhoto" name="testGetCoverPhotoById" time="0.482"/>
  <testcase classname="api.test.DDTestsCoverPhoto" name="testGetCoverPhotoById" time="0.476"/>
  <testcase classname="api.test.DDTestsCoverPhoto" name="testUpdateCoverPhoto" time="0.487"/>
  <testcase classname="api.test.DDTestsCoverPhoto" name="testUpdateCoverPhoto" time="0.502"/>
  <testcase classname="api.test.DDTestsCoverPhoto" name="testUpdateCoverPhoto" time="0.484"/>
  <testcase classname="api.test.DDTestsCoverPhoto" name="testDeleteCoverPhotoById" time="0.487"/>
  <testcase classname="api.test.DDTestsCoverPhoto" name="testDeleteCoverPhotoById" time="0.494"/>
  <testcase classname="api.test.DDTestsCoverPhoto" name="testDeleteCoverPhotoById" time="0.494"/>
</testsuite> <!-- api.test.DDTestsCoverPhoto -->
