<?xml version="1.0" encoding="UTF-8"?>
<!-- Generated by org.testng.reporters.JUnitReportReporter -->
<testsuite hostname="DESKTOP-A7D4RAN" failures="0" tests="4" name="api.test.BookTests" time="2.070" errors="0" timestamp="2025-08-06T10:13:39 IST" skipped="0">
  <testcase classname="api.test.BookTests" name="testPostBook" time="0.547"/>
  <testcase classname="api.test.BookTests" name="testGetBook" time="0.501"/>
  <testcase classname="api.test.BookTests" name="testUpdateBook" time="0.521"/>
  <testcase classname="api.test.BookTests" name="testDeleteBook" time="0.501"/>
</testsuite> <!-- api.test.BookTests -->
