<?xml version="1.0" encoding="UTF-8"?>
<!-- Generated by org.testng.reporters.JUnitReportReporter -->
<testsuite hostname="DESKTOP-A7D4RAN" failures="0" tests="4" name="api.test.CoverPhotoTests" time="7.882" errors="0" timestamp="2025-08-05T19:49:08 IST" skipped="0">
  <testcase classname="api.test.CoverPhotoTests" name="testPostCoverPhoto" time="6.301"/>
  <testcase classname="api.test.CoverPhotoTests" name="testGetCoverPhoto" time="0.567"/>
  <testcase classname="api.test.CoverPhotoTests" name="testUpdateCoverPhoto" time="0.520"/>
  <testcase classname="api.test.CoverPhotoTests" name="testDeleteCoverPhoto" time="0.494"/>
</testsuite> <!-- api.test.CoverPhotoTests -->
