<?xml version="1.0" encoding="UTF-8"?>
<!-- Generated by org.testng.reporters.JUnitReportReporter -->
<testsuite hostname="DESKTOP-A7D4RAN" failures="0" tests="4" name="api.test.BookTests" time="2.221" errors="0" timestamp="2025-08-04T21:40:28 IST" skipped="0">
  <testcase classname="api.test.BookTests" name="testPostBook" time="0.521"/>
  <testcase classname="api.test.BookTests" name="testGetBook" time="0.594"/>
  <testcase classname="api.test.BookTests" name="testUpdateBook" time="0.562"/>
  <testcase classname="api.test.BookTests" name="testDeleteBook" time="0.544"/>
</testsuite> <!-- api.test.BookTests -->
