<?xml version="1.0" encoding="UTF-8"?>
<!-- Generated by org.testng.reporters.JUnitReportReporter -->
<testsuite hostname="DESKTOP-A7D4RAN" failures="0" tests="4" name="api.test.UserTests" time="6.846" errors="0" timestamp="2025-08-06T10:13:39 IST" skipped="0">
  <testcase classname="api.test.UserTests" name="testPostUser" time="5.230"/>
  <testcase classname="api.test.UserTests" name="testGetUser" time="0.598"/>
  <testcase classname="api.test.UserTests" name="testUpdateUser" time="0.524"/>
  <testcase classname="api.test.UserTests" name="testDeleteUser" time="0.494"/>
</testsuite> <!-- api.test.UserTests -->
