<?xml version="1.0" encoding="UTF-8"?>
<!-- Generated by org.testng.reporters.JUnitReportReporter -->
<testsuite hostname="DESKTOP-A7D4RAN" failures="0" tests="4" name="api.test.UserTests2" time="2.032" errors="0" timestamp="2025-08-06T10:13:38 IST" skipped="0">
  <testcase classname="api.test.UserTests2" name="testPostUser" time="0.525"/>
  <testcase classname="api.test.UserTests2" name="testGetUser" time="0.513"/>
  <testcase classname="api.test.UserTests2" name="testUpdateUser" time="0.502"/>
  <testcase classname="api.test.UserTests2" name="testDeleteUser" time="0.492"/>
</testsuite> <!-- api.test.UserTests2 -->
