<?xml version="1.0" encoding="UTF-8"?>
<!-- Generated by org.testng.reporters.JUnitReportReporter -->
<testsuite hostname="DESKTOP-A7D4RAN" failures="0" tests="4" name="api.test.AuthorTests" time="6.502" errors="0" timestamp="2025-08-04T19:29:56 IST" skipped="0">
  <testcase classname="api.test.AuthorTests" name="testPostAuthor" time="4.673"/>
  <testcase classname="api.test.AuthorTests" name="testGetAuthor" time="0.651"/>
  <testcase classname="api.test.AuthorTests" name="testUpdateAuthor" time="0.587"/>
  <testcase classname="api.test.AuthorTests" name="testDeleteAuthor" time="0.591"/>
</testsuite> <!-- api.test.AuthorTests -->
