<?xml version="1.0" encoding="UTF-8"?>
<!-- Generated by org.testng.reporters.JUnitReportReporter -->
<testsuite hostname="DESKTOP-A7D4RAN" failures="0" tests="12" name="api.test.DDTestsCoverPhoto" time="5.946" errors="0" timestamp="2025-08-05T20:01:27 IST" skipped="0">
  <testcase classname="api.test.DDTestsCoverPhoto" name="testCreateCoverPhoto" time="0.501"/>
  <testcase classname="api.test.DDTestsCoverPhoto" name="testCreateCoverPhoto" time="0.478"/>
  <testcase classname="api.test.DDTestsCoverPhoto" name="testCreateCoverPhoto" time="0.512"/>
  <testcase classname="api.test.DDTestsCoverPhoto" name="testGetCoverPhotoById" time="0.495"/>
  <testcase classname="api.test.DDTestsCoverPhoto" name="testGetCoverPhotoById" time="0.474"/>
  <testcase classname="api.test.DDTestsCoverPhoto" name="testGetCoverPhotoById" time="0.503"/>
  <testcase classname="api.test.DDTestsCoverPhoto" name="testUpdateCoverPhoto" time="0.518"/>
  <testcase classname="api.test.DDTestsCoverPhoto" name="testUpdateCoverPhoto" time="0.512"/>
  <testcase classname="api.test.DDTestsCoverPhoto" name="testUpdateCoverPhoto" time="0.503"/>
  <testcase classname="api.test.DDTestsCoverPhoto" name="testDeleteCoverPhotoById" time="0.485"/>
  <testcase classname="api.test.DDTestsCoverPhoto" name="testDeleteCoverPhotoById" time="0.482"/>
  <testcase classname="api.test.DDTestsCoverPhoto" name="testDeleteCoverPhotoById" time="0.483"/>
</testsuite> <!-- api.test.DDTestsCoverPhoto -->
