<?xml version="1.0" encoding="UTF-8"?>
<!-- Generated by org.testng.reporters.JUnitReportReporter -->
<testsuite hostname="DESKTOP-A7D4RAN" failures="0" tests="4" name="api.test.BookTests" time="6.537" errors="0" timestamp="2025-07-31T11:08:57 IST" skipped="0">
  <testcase classname="api.test.BookTests" name="testPostBook" time="4.724"/>
  <testcase classname="api.test.BookTests" name="testGetBook" time="0.615"/>
  <testcase classname="api.test.BookTests" name="testUpdateBook" time="0.622"/>
  <testcase classname="api.test.BookTests" name="testDeleteBook" time="0.576"/>
</testsuite> <!-- api.test.BookTests -->
