<?xml version="1.0" encoding="UTF-8"?>
<!-- Generated by org.testng.reporters.JUnitReportReporter -->
<testsuite hostname="DESKTOP-A7D4RAN" failures="0" tests="2" name="api.test.DDTestsAuthor" time="4.421" errors="0" timestamp="2025-08-04T19:31:43 IST" skipped="0">
  <testcase classname="api.test.DDTestsAuthor" name="testAuthorFlow" time="2.111"/>
  <testcase classname="api.test.DDTestsAuthor" name="testAuthorFlow" time="2.310"/>
</testsuite> <!-- api.test.DDTestsAuthor -->
