<?xml version="1.0" encoding="UTF-8"?>
<!-- Generated by org.testng.reporters.JUnitReportReporter -->
<testsuite hostname="DESKTOP-A7D4RAN" failures="0" tests="4" name="api.test.BookTests" time="7.239" errors="0" timestamp="2025-08-06T10:07:20 IST" skipped="0">
  <testcase classname="api.test.BookTests" name="testPostBook" time="5.435"/>
  <testcase classname="api.test.BookTests" name="testGetBook" time="0.670"/>
  <testcase classname="api.test.BookTests" name="testUpdateBook" time="0.606"/>
  <testcase classname="api.test.BookTests" name="testDeleteBook" time="0.528"/>
</testsuite> <!-- api.test.BookTests -->
