<?xml version="1.0" encoding="UTF-8"?>
<!-- Generated by org.testng.reporters.JUnitReportReporter -->
<testsuite hostname="DESKTOP-A7D4RAN" failures="0" tests="4" name="api.test.UserTests2" time="2.268" errors="0" timestamp="2025-07-31T11:19:36 IST" skipped="0">
  <testcase classname="api.test.UserTests2" name="testPostUser" time="0.549"/>
  <testcase classname="api.test.UserTests2" name="testGetUser" time="0.570"/>
  <testcase classname="api.test.UserTests2" name="testUpdateUser" time="0.584"/>
  <testcase classname="api.test.UserTests2" name="testDeleteUser" time="0.565"/>
</testsuite> <!-- api.test.UserTests2 -->
