<?xml version="1.0" encoding="UTF-8"?>
<!-- Generated by org.testng.reporters.JUnitReportReporter -->
<testsuite hostname="DESKTOP-A7D4RAN" failures="0" tests="2" name="api.test.DDTestsAuthor" time="3.949" errors="0" timestamp="2025-08-06T10:07:20 IST" skipped="0">
  <testcase classname="api.test.DDTestsAuthor" name="testAuthorFlow" time="1.920"/>
  <testcase classname="api.test.DDTestsAuthor" name="testAuthorFlow" time="2.029"/>
</testsuite> <!-- api.test.DDTestsAuthor -->
