<?xml version="1.0" encoding="UTF-8"?>
<!-- Generated by org.testng.reporters.JUnitReportReporter -->
<testsuite hostname="DESKTOP-A7D4RAN" failures="0" tests="4" name="api.test.UserTests2" time="2.076" errors="0" timestamp="2025-08-04T22:13:42 IST" skipped="0">
  <testcase classname="api.test.UserTests2" name="testPostUser" time="0.529"/>
  <testcase classname="api.test.UserTests2" name="testGetUser" time="0.538"/>
  <testcase classname="api.test.UserTests2" name="testUpdateUser" time="0.521"/>
  <testcase classname="api.test.UserTests2" name="testDeleteUser" time="0.488"/>
</testsuite> <!-- api.test.UserTests2 -->
