<?xml version="1.0" encoding="UTF-8"?>
<!-- Generated by org.testng.reporters.JUnitReportReporter -->
<testsuite hostname="DESKTOP-A7D4RAN" failures="0" tests="4" name="api.test.CoverPhotoTests" time="2.041" errors="0" timestamp="2025-08-06T10:07:20 IST" skipped="0">
  <testcase classname="api.test.CoverPhotoTests" name="testPostCoverPhoto" time="0.528"/>
  <testcase classname="api.test.CoverPhotoTests" name="testGetCoverPhoto" time="0.477"/>
  <testcase classname="api.test.CoverPhotoTests" name="testUpdateCoverPhoto" time="0.508"/>
  <testcase classname="api.test.CoverPhotoTests" name="testDeleteCoverPhoto" time="0.528"/>
</testsuite> <!-- api.test.CoverPhotoTests -->
