<?xml version="1.0" encoding="UTF-8"?>
<!-- Generated by org.testng.reporters.JUnitReportReporter -->
<testsuite hostname="DESKTOP-A7D4RAN" failures="0" tests="4" name="api.test.BookTests" time="9.406" errors="0" timestamp="2025-08-04T19:40:11 IST" skipped="0">
  <testcase classname="api.test.BookTests" name="testPostBook" time="7.635"/>
  <testcase classname="api.test.BookTests" name="testGetBook" time="0.611"/>
  <testcase classname="api.test.BookTests" name="testUpdateBook" time="0.574"/>
  <testcase classname="api.test.BookTests" name="testDeleteBook" time="0.586"/>
</testsuite> <!-- api.test.BookTests -->
