<?xml version="1.0" encoding="UTF-8"?>
<!-- Generated by org.testng.reporters.JUnitReportReporter -->
<testsuite hostname="DESKTOP-A7D4RAN" failures="0" tests="4" name="api.test.BookTests2" time="1.992" errors="0" timestamp="2025-08-06T10:16:00 IST" skipped="0">
  <testcase classname="api.test.BookTests2" name="testPostBook" time="0.520"/>
  <testcase classname="api.test.BookTests2" name="testGetBook" time="0.488"/>
  <testcase classname="api.test.BookTests2" name="testUpdateBook" time="0.496"/>
  <testcase classname="api.test.BookTests2" name="testDeleteBook" time="0.488"/>
</testsuite> <!-- api.test.BookTests2 -->
