<?xml version="1.0" encoding="UTF-8"?>
<!-- Generated by org.testng.reporters.JUnitReportReporter -->
<testsuite hostname="DESKTOP-A7D4RAN" failures="0" tests="4" name="api.test.UserTests" time="6.487" errors="0" timestamp="2025-07-31T11:19:36 IST" skipped="0">
  <testcase classname="api.test.UserTests" name="testPostUser" time="4.675"/>
  <testcase classname="api.test.UserTests" name="testGetUser" time="0.602"/>
  <testcase classname="api.test.UserTests" name="testUpdateUser" time="0.619"/>
  <testcase classname="api.test.UserTests" name="testDeleteUser" time="0.591"/>
</testsuite> <!-- api.test.UserTests -->
