<?xml version="1.0" encoding="UTF-8"?>
<!-- Generated by org.testng.reporters.JUnitReportReporter -->
<testsuite hostname="DESKTOP-A7D4RAN" failures="0" tests="4" name="api.test.AuthorTests" time="7.090" errors="0" timestamp="2025-08-04T19:31:43 IST" skipped="0">
  <testcase classname="api.test.AuthorTests" name="testPostAuthor" time="4.697"/>
  <testcase classname="api.test.AuthorTests" name="testGetAuthor" time="0.598"/>
  <testcase classname="api.test.AuthorTests" name="testUpdateAuthor" time="1.259"/>
  <testcase classname="api.test.AuthorTests" name="testDeleteAuthor" time="0.536"/>
</testsuite> <!-- api.test.AuthorTests -->
