<?xml version="1.0" encoding="UTF-8"?>
<!-- Generated by org.testng.reporters.JUnitReportReporter -->
<testsuite hostname="DESKTOP-A7D4RAN" failures="0" tests="4" name="api.test.BookTests2" time="2.367" errors="0" timestamp="2025-07-31T11:08:57 IST" skipped="0">
  <testcase classname="api.test.BookTests2" name="testPostBook" time="0.583"/>
  <testcase classname="api.test.BookTests2" name="testGetBook" time="0.678"/>
  <testcase classname="api.test.BookTests2" name="testUpdateBook" time="0.563"/>
  <testcase classname="api.test.BookTests2" name="testDeleteBook" time="0.543"/>
</testsuite> <!-- api.test.BookTests2 -->
