<?xml version="1.0" encoding="UTF-8"?>
<!-- Generated by org.testng.reporters.JUnitReportReporter -->
<testsuite hostname="DESKTOP-A7D4RAN" failures="0" tests="4" name="api.test.CoverPhotoTests2" time="2.052" errors="0" timestamp="2025-08-05T20:01:27 IST" skipped="0">
  <testcase classname="api.test.CoverPhotoTests2" name="testPostCoverPhoto" time="0.547"/>
  <testcase classname="api.test.CoverPhotoTests2" name="testGetCoverPhoto" time="0.503"/>
  <testcase classname="api.test.CoverPhotoTests2" name="testUpdateCoverPhoto" time="0.513"/>
  <testcase classname="api.test.CoverPhotoTests2" name="testDeleteCoverPhoto" time="0.489"/>
</testsuite> <!-- api.test.CoverPhotoTests2 -->
