<?xml version="1.0" encoding="UTF-8"?>
<!-- Generated by org.testng.reporters.JUnitReportReporter -->
<testsuite hostname="DESKTOP-A7D4RAN" failures="0" tests="4" name="api.test.AuthorTests" time="2.002" errors="0" timestamp="2025-08-06T10:16:00 IST" skipped="0">
  <testcase classname="api.test.AuthorTests" name="testPostAuthor" time="0.496"/>
  <testcase classname="api.test.AuthorTests" name="testGetAuthor" time="0.531"/>
  <testcase classname="api.test.AuthorTests" name="testUpdateAuthor" time="0.498"/>
  <testcase classname="api.test.AuthorTests" name="testDeleteAuthor" time="0.477"/>
</testsuite> <!-- api.test.AuthorTests -->
