<?xml version="1.0" encoding="UTF-8"?>
<!-- Generated by org.testng.reporters.JUnitReportReporter -->
<testsuite hostname="DESKTOP-A7D4RAN" failures="0" tests="4" name="api.test.AuthorTests" time="8.174" errors="0" timestamp="2025-08-05T20:01:27 IST" skipped="0">
  <testcase classname="api.test.AuthorTests" name="testPostAuthor" time="6.467"/>
  <testcase classname="api.test.AuthorTests" name="testGetAuthor" time="0.627"/>
  <testcase classname="api.test.AuthorTests" name="testUpdateAuthor" time="0.548"/>
  <testcase classname="api.test.AuthorTests" name="testDeleteAuthor" time="0.532"/>
</testsuite> <!-- api.test.AuthorTests -->
