<?xml version="1.0" encoding="UTF-8"?>
<!-- Generated by org.testng.reporters.JUnitReportReporter -->
<testsuite hostname="DESKTOP-A7D4RAN" failures="0" tests="12" name="api.test.DDTestsCoverPhoto" time="5.833" errors="0" timestamp="2025-08-06T10:16:00 IST" skipped="0">
  <testcase classname="api.test.DDTestsCoverPhoto" name="testCreateCoverPhoto" time="0.476"/>
  <testcase classname="api.test.DDTestsCoverPhoto" name="testCreateCoverPhoto" time="0.478"/>
  <testcase classname="api.test.DDTestsCoverPhoto" name="testCreateCoverPhoto" time="0.474"/>
  <testcase classname="api.test.DDTestsCoverPhoto" name="testGetCoverPhotoById" time="0.477"/>
  <testcase classname="api.test.DDTestsCoverPhoto" name="testGetCoverPhotoById" time="0.476"/>
  <testcase classname="api.test.DDTestsCoverPhoto" name="testGetCoverPhotoById" time="0.499"/>
  <testcase classname="api.test.DDTestsCoverPhoto" name="testUpdateCoverPhoto" time="0.495"/>
  <testcase classname="api.test.DDTestsCoverPhoto" name="testUpdateCoverPhoto" time="0.499"/>
  <testcase classname="api.test.DDTestsCoverPhoto" name="testUpdateCoverPhoto" time="0.490"/>
  <testcase classname="api.test.DDTestsCoverPhoto" name="testDeleteCoverPhotoById" time="0.481"/>
  <testcase classname="api.test.DDTestsCoverPhoto" name="testDeleteCoverPhotoById" time="0.500"/>
  <testcase classname="api.test.DDTestsCoverPhoto" name="testDeleteCoverPhotoById" time="0.488"/>
</testsuite> <!-- api.test.DDTestsCoverPhoto -->
