<?xml version="1.0" encoding="UTF-8"?>
<!-- Generated by org.testng.reporters.JUnitReportReporter -->
<testsuite hostname="DESKTOP-A7D4RAN" failures="0" tests="12" name="api.test.DDTestsCoverPhoto" time="6.057" errors="0" timestamp="2025-08-05T19:54:23 IST" skipped="0">
  <testcase classname="api.test.DDTestsCoverPhoto" name="testCreateCoverPhoto" time="0.523"/>
  <testcase classname="api.test.DDTestsCoverPhoto" name="testCreateCoverPhoto" time="0.500"/>
  <testcase classname="api.test.DDTestsCoverPhoto" name="testCreateCoverPhoto" time="0.551"/>
  <testcase classname="api.test.DDTestsCoverPhoto" name="testGetCoverPhotoById" time="0.506"/>
  <testcase classname="api.test.DDTestsCoverPhoto" name="testGetCoverPhotoById" time="0.509"/>
  <testcase classname="api.test.DDTestsCoverPhoto" name="testGetCoverPhotoById" time="0.481"/>
  <testcase classname="api.test.DDTestsCoverPhoto" name="testUpdateCoverPhoto" time="0.518"/>
  <testcase classname="api.test.DDTestsCoverPhoto" name="testUpdateCoverPhoto" time="0.505"/>
  <testcase classname="api.test.DDTestsCoverPhoto" name="testUpdateCoverPhoto" time="0.495"/>
  <testcase classname="api.test.DDTestsCoverPhoto" name="testDeleteCoverPhotoById" time="0.497"/>
  <testcase classname="api.test.DDTestsCoverPhoto" name="testDeleteCoverPhotoById" time="0.493"/>
  <testcase classname="api.test.DDTestsCoverPhoto" name="testDeleteCoverPhotoById" time="0.479"/>
</testsuite> <!-- api.test.DDTestsCoverPhoto -->
