<?xml version="1.0" encoding="UTF-8"?>
<!-- Generated by org.testng.reporters.JUnitReportReporter -->
<testsuite hostname="DESKTOP-A7D4RAN" failures="0" tests="2" name="api.test.DDTestsAuthor" time="4.221" errors="0" timestamp="2025-08-04T22:13:42 IST" skipped="0">
  <testcase classname="api.test.DDTestsAuthor" name="testAuthorFlow" time="2.234"/>
  <testcase classname="api.test.DDTestsAuthor" name="testAuthorFlow" time="1.987"/>
</testsuite> <!-- api.test.DDTestsAuthor -->
