<?xml version="1.0" encoding="UTF-8"?>
<!-- Generated by org.testng.reporters.JUnitReportReporter -->
<testsuite hostname="DESKTOP-A7D4RAN" failures="0" tests="4" name="api.test.BookTests2" time="2.225" errors="0" timestamp="2025-07-31T11:19:36 IST" skipped="0">
  <testcase classname="api.test.BookTests2" name="testPostBook" time="0.562"/>
  <testcase classname="api.test.BookTests2" name="testGetBook" time="0.602"/>
  <testcase classname="api.test.BookTests2" name="testUpdateBook" time="0.572"/>
  <testcase classname="api.test.BookTests2" name="testDeleteBook" time="0.489"/>
</testsuite> <!-- api.test.BookTests2 -->
