<?xml version="1.0" encoding="UTF-8"?>
<!-- Generated by org.testng.reporters.JUnitReportReporter -->
<testsuite hostname="DESKTOP-A7D4RAN" failures="0" tests="4" name="api.test.UserTests2" time="2.475" errors="0" timestamp="2025-07-30T12:42:49 IST" skipped="0">
  <testcase classname="api.test.UserTests2" name="testPostUser" time="0.597"/>
  <testcase classname="api.test.UserTests2" name="testGetUser" time="0.574"/>
  <testcase classname="api.test.UserTests2" name="testUpdateUser" time="0.648"/>
  <testcase classname="api.test.UserTests2" name="testDeleteUser" time="0.656"/>
</testsuite> <!-- api.test.UserTests2 -->
