<?xml version="1.0" encoding="UTF-8"?>
<!-- Generated by org.testng.reporters.JUnitReportReporter -->
<testsuite hostname="DESKTOP-A7D4RAN" failures="0" tests="4" name="api.test.AuthorTests" time="2.194" errors="0" timestamp="2025-08-04T19:40:11 IST" skipped="0">
  <testcase classname="api.test.AuthorTests" name="testPostAuthor" time="0.516"/>
  <testcase classname="api.test.AuthorTests" name="testGetAuthor" time="0.547"/>
  <testcase classname="api.test.AuthorTests" name="testUpdateAuthor" time="0.549"/>
  <testcase classname="api.test.AuthorTests" name="testDeleteAuthor" time="0.582"/>
</testsuite> <!-- api.test.AuthorTests -->
