<?xml version="1.0" encoding="UTF-8"?>
<!-- Generated by org.testng.reporters.JUnitReportReporter -->
<testsuite hostname="DESKTOP-A7D4RAN" failures="0" tests="4" name="api.test.BookTests" time="2.102" errors="0" timestamp="2025-08-06T10:16:00 IST" skipped="0">
  <testcase classname="api.test.BookTests" name="testPostBook" time="0.512"/>
  <testcase classname="api.test.BookTests" name="testGetBook" time="0.491"/>
  <testcase classname="api.test.BookTests" name="testUpdateBook" time="0.559"/>
  <testcase classname="api.test.BookTests" name="testDeleteBook" time="0.540"/>
</testsuite> <!-- api.test.BookTests -->
